<?xml version="1.0" encoding="UTF-8"?>
<!-- Generated by org.testng.reporters.JUnitReportReporter -->
<testsuite hostname="DESKTOP-85T6IGM" failures="0" tests="1" name="com.qa.testscripts.TC_UpdateAddress_001" time="126.010" errors="0" timestamp="2021-09-24T13:33:40 IST" skipped="0">
  <testcase classname="com.qa.testscripts.TC_UpdateAddress_001" name="newAddress" time="126.010"/>
  <system-out/>
</testsuite> <!-- com.qa.testscripts.TC_UpdateAddress_001 -->
