<?xml version="1.0" encoding="UTF-8"?>
<!-- Generated by org.testng.reporters.JUnitReportReporter -->
<testsuite hostname="DESKTOP-85T6IGM" failures="0" tests="1" name="com.qa.testscripts.TC_CreateNewAddress_001" time="79.079" errors="0" timestamp="2021-09-24T13:51:54 IST" skipped="0">
  <testcase classname="com.qa.testscripts.TC_CreateNewAddress_001" name="newAddress" time="79.079"/>
  <system-out>
User has landed on correct page  </system-out>
</testsuite> <!-- com.qa.testscripts.TC_CreateNewAddress_001 -->
